build/app/intermediates/manifest_merge_blame_file/debug/manifest-merger-blame-debug-report.txt
1<?xml version="1.0" encoding="utf-8"?>
2<manifest xmlns:android="http://schemas.android.com/apk/res/android"
3    package="com.uok.hafiz"
4    android:versionCode="1"
5    android:versionName="1.0.0" >
6
7    <uses-sdk
8        android:minSdkVersion="21"
9        android:targetSdkVersion="33" />
10    <!--
11         Flutter needs it to communicate with the running application
12         to allow setting breakpoints, to provide hot reload, etc.
13    -->
14    <uses-permission android:name="android.permission.INTERNET" />
14-->src/main/AndroidManifest.xml:4:5-66
14-->src/main/AndroidManifest.xml:4:22-64
15    <!-- Although the *SdkVersion is captured in gradle build files, this is required for non gradle builds -->
16    <!-- <uses-sdk android:minSdkVersion="14" /> -->
17    <uses-permission android:name="android.permission.ACCESS_NETWORK_STATE" />
17-->[com.google.firebase:firebase-firestore:24.6.0] AndroidManifest.xml:12:5-79
17-->[com.google.firebase:firebase-firestore:24.6.0] AndroidManifest.xml:12:22-76
18
19    <application
19-->src/main/AndroidManifest.xml:7:5-61:19
20        android:appComponentFactory="androidx.core.app.CoreComponentFactory"
20-->[androidx.core:core:1.6.0] AndroidManifest.xml:24:18-86
21        android:debuggable="true"
22        android:icon="@mipmap/ic_launcher"
22-->src/main/AndroidManifest.xml:10:9-43
23        android:label="Hafiz"
23-->src/main/AndroidManifest.xml:8:9-30
24        android:requestLegacyExternalStorage="true" >
24-->src/main/AndroidManifest.xml:11:9-52
25        <activity
25-->src/main/AndroidManifest.xml:13:9-51:20
26            android:name="com.uok.hafiz.MainActivity"
26-->src/main/AndroidManifest.xml:14:13-41
27            android:configChanges="orientation|keyboardHidden|keyboard|screenSize|smallestScreenSize|locale|layoutDirection|fontScale|screenLayout|density|uiMode"
27-->src/main/AndroidManifest.xml:18:13-163
28            android:exported="true"
28-->src/main/AndroidManifest.xml:15:13-36
29            android:hardwareAccelerated="true"
29-->src/main/AndroidManifest.xml:19:13-47
30            android:launchMode="singleTop"
30-->src/main/AndroidManifest.xml:16:13-43
31            android:theme="@style/LaunchTheme"
31-->src/main/AndroidManifest.xml:17:13-47
32            android:windowSoftInputMode="adjustResize" >
32-->src/main/AndroidManifest.xml:20:13-55
33
34            <!--
35                 Specifies an Android theme to apply to this Activity as soon as
36                 the Android process has started. This theme is visible to the user
37                 while the Flutter UI initializes. After that, this theme continues
38                 to determine the Window background behind the Flutter UI.
39            -->
40            <meta-data
40-->src/main/AndroidManifest.xml:25:13-28:17
41                android:name="io.flutter.embedding.android.NormalTheme"
41-->src/main/AndroidManifest.xml:26:15-70
42                android:resource="@style/NormalTheme" />
42-->src/main/AndroidManifest.xml:27:15-52
43            <!--
44                 Displays an Android View that continues showing the launch screen
45                 Drawable until Flutter paints its first frame, then this splash
46                 screen fades out. A splash screen is useful to avoid any visual
47                 gap between the end of Android's launch screen and the painting of
48                 Flutter's first frame.
49            -->
50            <meta-data
50-->src/main/AndroidManifest.xml:34:13-37:17
51                android:name="io.flutter.embedding.android.SplashScreenDrawable"
51-->src/main/AndroidManifest.xml:35:15-79
52                android:resource="@drawable/launch_background" />
52-->src/main/AndroidManifest.xml:36:15-61
53
54            <intent-filter>
54-->src/main/AndroidManifest.xml:38:13-41:29
55                <action android:name="android.intent.action.MAIN" />
55-->src/main/AndroidManifest.xml:39:17-68
55-->src/main/AndroidManifest.xml:39:25-66
56
57                <category android:name="android.intent.category.LAUNCHER" />
57-->src/main/AndroidManifest.xml:40:17-76
57-->src/main/AndroidManifest.xml:40:27-74
58            </intent-filter>
59            <!-- Deep linking -->
60            <meta-data
60-->src/main/AndroidManifest.xml:43:13-90
61                android:name="flutter_deeplinking_enabled"
61-->src/main/AndroidManifest.xml:43:24-66
62                android:value="true" />
62-->src/main/AndroidManifest.xml:43:67-87
63
64            <intent-filter android:autoVerify="true" >
64-->src/main/AndroidManifest.xml:44:13-49:29
64-->src/main/AndroidManifest.xml:44:28-53
65                <action android:name="android.intent.action.VIEW" />
65-->src/main/AndroidManifest.xml:45:17-69
65-->src/main/AndroidManifest.xml:45:25-66
66
67                <category android:name="android.intent.category.DEFAULT" />
67-->src/main/AndroidManifest.xml:46:17-76
67-->src/main/AndroidManifest.xml:46:27-73
68                <category android:name="android.intent.category.BROWSABLE" />
68-->src/main/AndroidManifest.xml:47:17-78
68-->src/main/AndroidManifest.xml:47:27-75
69
70                <data
70-->src/main/AndroidManifest.xml:48:17-73
71                    android:host="hafiz.com"
71-->src/main/AndroidManifest.xml:48:46-70
72                    android:scheme="hafiz" />
72-->src/main/AndroidManifest.xml:48:23-45
73            </intent-filter>
74        </activity>
75
76        <!--
77             Don't delete the meta-data below.
78             This is used by the Flutter tool to generate GeneratedPluginRegistrant.java
79        -->
80        <meta-data
80-->src/main/AndroidManifest.xml:55:9-57:33
81            android:name="flutterEmbedding"
81-->src/main/AndroidManifest.xml:56:13-44
82            android:value="2" />
82-->src/main/AndroidManifest.xml:57:13-30
83
84        <service
84-->[:cloud_firestore] AndroidManifest.xml:10:9-14:19
85            android:name="com.google.firebase.components.ComponentDiscoveryService"
85-->[:cloud_firestore] AndroidManifest.xml:10:18-89
86            android:directBootAware="true"
86-->[com.google.firebase:firebase-common:20.3.2] AndroidManifest.xml:34:13-43
87            android:exported="false" >
87-->[com.google.firebase:firebase-perf:20.3.2] AndroidManifest.xml:15:13-37
88            <meta-data
88-->[:cloud_firestore] AndroidManifest.xml:11:13-13:85
89                android:name="com.google.firebase.components:io.flutter.plugins.firebase.firestore.FlutterFirebaseFirestoreRegistrar"
89-->[:cloud_firestore] AndroidManifest.xml:12:17-134
90                android:value="com.google.firebase.components.ComponentRegistrar" />
90-->[:cloud_firestore] AndroidManifest.xml:13:17-82
91            <meta-data
91-->[:firebase_performance] AndroidManifest.xml:13:13-15:85
92                android:name="com.google.firebase.components:io.flutter.plugins.firebase.performance.FlutterFirebaseAppRegistrar"
92-->[:firebase_performance] AndroidManifest.xml:14:17-130
93                android:value="com.google.firebase.components.ComponentRegistrar" />
93-->[:firebase_performance] AndroidManifest.xml:15:17-82
94            <meta-data
94-->[:firebase_core] AndroidManifest.xml:11:13-13:85
95                android:name="com.google.firebase.components:io.flutter.plugins.firebase.core.FlutterFirebaseCoreRegistrar"
95-->[:firebase_core] AndroidManifest.xml:12:17-124
96                android:value="com.google.firebase.components.ComponentRegistrar" />
96-->[:firebase_core] AndroidManifest.xml:13:17-82
97            <meta-data
97-->[com.google.firebase:firebase-perf:20.3.2] AndroidManifest.xml:16:13-18:85
98                android:name="com.google.firebase.components:com.google.firebase.perf.FirebasePerfRegistrar"
98-->[com.google.firebase:firebase-perf:20.3.2] AndroidManifest.xml:17:17-109
99                android:value="com.google.firebase.components.ComponentRegistrar" />
99-->[com.google.firebase:firebase-perf:20.3.2] AndroidManifest.xml:18:17-82
100            <meta-data
100-->[com.google.firebase:firebase-firestore:24.6.0] AndroidManifest.xml:19:13-21:85
101                android:name="com.google.firebase.components:com.google.firebase.firestore.FirestoreRegistrar"
101-->[com.google.firebase:firebase-firestore:24.6.0] AndroidManifest.xml:20:17-111
102                android:value="com.google.firebase.components.ComponentRegistrar" />
102-->[com.google.firebase:firebase-firestore:24.6.0] AndroidManifest.xml:21:17-82
103            <meta-data
103-->[com.google.firebase:firebase-datatransport:18.1.8] AndroidManifest.xml:27:13-29:85
104                android:name="com.google.firebase.components:com.google.firebase.datatransport.TransportRegistrar"
104-->[com.google.firebase:firebase-datatransport:18.1.8] AndroidManifest.xml:28:17-115
105                android:value="com.google.firebase.components.ComponentRegistrar" />
105-->[com.google.firebase:firebase-datatransport:18.1.8] AndroidManifest.xml:29:17-82
106            <meta-data
106-->[com.google.firebase:firebase-config:21.4.0] AndroidManifest.xml:31:13-33:85
107                android:name="com.google.firebase.components:com.google.firebase.remoteconfig.RemoteConfigRegistrar"
107-->[com.google.firebase:firebase-config:21.4.0] AndroidManifest.xml:32:17-117
108                android:value="com.google.firebase.components.ComponentRegistrar" />
108-->[com.google.firebase:firebase-config:21.4.0] AndroidManifest.xml:33:17-82
109            <meta-data
109-->[com.google.firebase:firebase-installations:17.1.3] AndroidManifest.xml:17:13-19:85
110                android:name="com.google.firebase.components:com.google.firebase.installations.FirebaseInstallationsRegistrar"
110-->[com.google.firebase:firebase-installations:17.1.3] AndroidManifest.xml:18:17-127
111                android:value="com.google.firebase.components.ComponentRegistrar" />
111-->[com.google.firebase:firebase-installations:17.1.3] AndroidManifest.xml:19:17-82
112            <meta-data
112-->[com.google.firebase:firebase-abt:21.1.1] AndroidManifest.xml:12:13-14:85
113                android:name="com.google.firebase.components:com.google.firebase.abt.component.AbtRegistrar"
113-->[com.google.firebase:firebase-abt:21.1.1] AndroidManifest.xml:13:17-109
114                android:value="com.google.firebase.components.ComponentRegistrar" />
114-->[com.google.firebase:firebase-abt:21.1.1] AndroidManifest.xml:14:17-82
115        </service>
116
117        <activity
117-->[:url_launcher_android] AndroidManifest.xml:10:9-13:74
118            android:name="io.flutter.plugins.urllauncher.WebViewActivity"
118-->[:url_launcher_android] AndroidManifest.xml:11:13-74
119            android:exported="false"
119-->[:url_launcher_android] AndroidManifest.xml:12:13-37
120            android:theme="@android:style/Theme.NoTitleBar.Fullscreen" />
120-->[:url_launcher_android] AndroidManifest.xml:13:13-71
121
122        <uses-library
122-->[androidx.window:window:1.0.0-beta04] AndroidManifest.xml:25:9-27:40
123            android:name="androidx.window.extensions"
123-->[androidx.window:window:1.0.0-beta04] AndroidManifest.xml:26:13-54
124            android:required="false" />
124-->[androidx.window:window:1.0.0-beta04] AndroidManifest.xml:27:13-37
125        <uses-library
125-->[androidx.window:window:1.0.0-beta04] AndroidManifest.xml:28:9-30:40
126            android:name="androidx.window.sidecar"
126-->[androidx.window:window:1.0.0-beta04] AndroidManifest.xml:29:13-51
127            android:required="false" />
127-->[androidx.window:window:1.0.0-beta04] AndroidManifest.xml:30:13-37
128
129        <provider
129-->[com.google.firebase:firebase-common:20.3.2] AndroidManifest.xml:25:9-30:39
130            android:name="com.google.firebase.provider.FirebaseInitProvider"
130-->[com.google.firebase:firebase-common:20.3.2] AndroidManifest.xml:26:13-77
131            android:authorities="com.uok.hafiz.firebaseinitprovider"
131-->[com.google.firebase:firebase-common:20.3.2] AndroidManifest.xml:27:13-72
132            android:directBootAware="true"
132-->[com.google.firebase:firebase-common:20.3.2] AndroidManifest.xml:28:13-43
133            android:exported="false"
133-->[com.google.firebase:firebase-common:20.3.2] AndroidManifest.xml:29:13-37
134            android:initOrder="100" />
134-->[com.google.firebase:firebase-common:20.3.2] AndroidManifest.xml:30:13-36
135
136        <activity
136-->[com.google.android.gms:play-services-base:18.0.1] AndroidManifest.xml:20:9-22:45
137            android:name="com.google.android.gms.common.api.GoogleApiActivity"
137-->[com.google.android.gms:play-services-base:18.0.1] AndroidManifest.xml:20:19-85
138            android:exported="false"
138-->[com.google.android.gms:play-services-base:18.0.1] AndroidManifest.xml:22:19-43
139            android:theme="@android:style/Theme.Translucent.NoTitleBar" />
139-->[com.google.android.gms:play-services-base:18.0.1] AndroidManifest.xml:21:19-78
140
141        <meta-data
141-->[com.google.android.gms:play-services-basement:18.1.0] AndroidManifest.xml:21:9-23:69
142            android:name="com.google.android.gms.version"
142-->[com.google.android.gms:play-services-basement:18.1.0] AndroidManifest.xml:22:13-58
143            android:value="@integer/google_play_services_version" />
143-->[com.google.android.gms:play-services-basement:18.1.0] AndroidManifest.xml:23:13-66
144
145        <service
145-->[com.google.android.datatransport:transport-backend-cct:3.1.9] AndroidManifest.xml:28:9-34:19
146            android:name="com.google.android.datatransport.runtime.backends.TransportBackendDiscovery"
146-->[com.google.android.datatransport:transport-backend-cct:3.1.9] AndroidManifest.xml:29:13-103
147            android:exported="false" >
147-->[com.google.android.datatransport:transport-backend-cct:3.1.9] AndroidManifest.xml:30:13-37
148            <meta-data
148-->[com.google.android.datatransport:transport-backend-cct:3.1.9] AndroidManifest.xml:31:13-33:39
149                android:name="backend:com.google.android.datatransport.cct.CctBackendFactory"
149-->[com.google.android.datatransport:transport-backend-cct:3.1.9] AndroidManifest.xml:32:17-94
150                android:value="cct" />
150-->[com.google.android.datatransport:transport-backend-cct:3.1.9] AndroidManifest.xml:33:17-36
151        </service>
152        <service
152-->[com.google.android.datatransport:transport-runtime:3.1.9] AndroidManifest.xml:26:9-30:19
153            android:name="com.google.android.datatransport.runtime.scheduling.jobscheduling.JobInfoSchedulerService"
153-->[com.google.android.datatransport:transport-runtime:3.1.9] AndroidManifest.xml:27:13-117
154            android:exported="false"
154-->[com.google.android.datatransport:transport-runtime:3.1.9] AndroidManifest.xml:28:13-37
155            android:permission="android.permission.BIND_JOB_SERVICE" >
155-->[com.google.android.datatransport:transport-runtime:3.1.9] AndroidManifest.xml:29:13-69
156        </service>
157
158        <receiver
158-->[com.google.android.datatransport:transport-runtime:3.1.9] AndroidManifest.xml:32:9-34:40
159            android:name="com.google.android.datatransport.runtime.scheduling.jobscheduling.AlarmManagerSchedulerBroadcastReceiver"
159-->[com.google.android.datatransport:transport-runtime:3.1.9] AndroidManifest.xml:33:13-132
160            android:exported="false" />
160-->[com.google.android.datatransport:transport-runtime:3.1.9] AndroidManifest.xml:34:13-37
161
162        <provider
162-->[androidx.lifecycle:lifecycle-process:2.3.1] AndroidManifest.xml:25:9-29:43
163            android:name="androidx.lifecycle.ProcessLifecycleOwnerInitializer"
163-->[androidx.lifecycle:lifecycle-process:2.3.1] AndroidManifest.xml:26:13-79
164            android:authorities="com.uok.hafiz.lifecycle-process"
164-->[androidx.lifecycle:lifecycle-process:2.3.1] AndroidManifest.xml:27:13-69
165            android:exported="false"
165-->[androidx.lifecycle:lifecycle-process:2.3.1] AndroidManifest.xml:28:13-37
166            android:multiprocess="true" />
166-->[androidx.lifecycle:lifecycle-process:2.3.1] AndroidManifest.xml:29:13-40
167    </application>
168
169</manifest>